Performing C++ SOURCE FILE Test HAVE_CXX_FLAG_WSHORTEN_64_TO_32 failed with the following output:
Change Dir: /mnt/c/Users/jaisw/OneDrive/Desktop/cache/build/CMakeFiles/CMakeTmp

Run Build Command(s):/usr/bin/gmake -f Makefile cmTC_d834d/fast && /usr/bin/gmake  -f CMakeFiles/cmTC_d834d.dir/build.make CMakeFiles/cmTC_d834d.dir/build
gmake[1]: Entering directory '/mnt/c/Users/jaisw/OneDrive/Desktop/cache/build/CMakeFiles/CMakeTmp'
Building CXX object CMakeFiles/cmTC_d834d.dir/src.cxx.o
/usr/bin/c++ -DHAVE_CXX_FLAG_WSHORTEN_64_TO_32  -Wall  -Wextra  -Wshadow  -Wfloat-equal  -Wold-style-cast  -Werror  -Wsuggest-override  -pedantic  -pedantic-errors  -Wshorten-64-to-32 -fPIE   -Wshorten-64-to-32 -std=c++11 -o CMakeFiles/cmTC_d834d.dir/src.cxx.o -c /mnt/c/Users/jaisw/OneDrive/Desktop/cache/build/CMakeFiles/CMakeTmp/src.cxx
c++: error: unrecognized command-line option '-Wshorten-64-to-32'
c++: error: unrecognized command-line option '-Wshorten-64-to-32'
gmake[1]: *** [CMakeFiles/cmTC_d834d.dir/build.make:78: CMakeFiles/cmTC_d834d.dir/src.cxx.o] Error 1
gmake[1]: Leaving directory '/mnt/c/Users/jaisw/OneDrive/Desktop/cache/build/CMakeFiles/CMakeTmp'
gmake: *** [Makefile:127: cmTC_d834d/fast] Error 2


Source file was:
int main() { return 0; }
Performing C++ SOURCE FILE Test HAVE_CXX_FLAG_WD654 failed with the following output:
Change Dir: /mnt/c/Users/jaisw/OneDrive/Desktop/cache/build/CMakeFiles/CMakeTmp

Run Build Command(s):/usr/bin/gmake -f Makefile cmTC_89a25/fast && /usr/bin/gmake  -f CMakeFiles/cmTC_89a25.dir/build.make CMakeFiles/cmTC_89a25.dir/build
gmake[1]: Entering directory '/mnt/c/Users/jaisw/OneDrive/Desktop/cache/build/CMakeFiles/CMakeTmp'
Building CXX object CMakeFiles/cmTC_89a25.dir/src.cxx.o
/usr/bin/c++ -DHAVE_CXX_FLAG_WD654  -Wall  -Wextra  -Wshadow  -Wfloat-equal  -Wold-style-cast  -Werror  -Wsuggest-override  -pedantic  -pedantic-errors  -fstrict-aliasing  -Wno-deprecated-declarations  -Wno-deprecated  -Wstrict-aliasing  -wd654 -fPIE   -wd654 -std=c++11 -o CMakeFiles/cmTC_89a25.dir/src.cxx.o -c /mnt/c/Users/jaisw/OneDrive/Desktop/cache/build/CMakeFiles/CMakeTmp/src.cxx
c++: error: unrecognized command-line option '-wd654'
c++: error: unrecognized command-line option '-wd654'
gmake[1]: *** [CMakeFiles/cmTC_89a25.dir/build.make:78: CMakeFiles/cmTC_89a25.dir/src.cxx.o] Error 1
gmake[1]: Leaving directory '/mnt/c/Users/jaisw/OneDrive/Desktop/cache/build/CMakeFiles/CMakeTmp'
gmake: *** [Makefile:127: cmTC_89a25/fast] Error 2


Source file was:
int main() { return 0; }
Performing C++ SOURCE FILE Test HAVE_CXX_FLAG_WTHREAD_SAFETY failed with the following output:
Change Dir: /mnt/c/Users/jaisw/OneDrive/Desktop/cache/build/CMakeFiles/CMakeTmp

Run Build Command(s):/usr/bin/gmake -f Makefile cmTC_83478/fast && /usr/bin/gmake  -f CMakeFiles/cmTC_83478.dir/build.make CMakeFiles/cmTC_83478.dir/build
gmake[1]: Entering directory '/mnt/c/Users/jaisw/OneDrive/Desktop/cache/build/CMakeFiles/CMakeTmp'
Building CXX object CMakeFiles/cmTC_83478.dir/src.cxx.o
/usr/bin/c++ -DHAVE_CXX_FLAG_WTHREAD_SAFETY  -Wall  -Wextra  -Wshadow  -Wfloat-equal  -Wold-style-cast  -Werror  -Wsuggest-override  -pedantic  -pedantic-errors  -fstrict-aliasing  -Wno-deprecated-declarations  -Wno-deprecated  -Wstrict-aliasing  -Wthread-safety -fPIE   -Wthread-safety -std=c++11 -o CMakeFiles/cmTC_83478.dir/src.cxx.o -c /mnt/c/Users/jaisw/OneDrive/Desktop/cache/build/CMakeFiles/CMakeTmp/src.cxx
c++: error: unrecognized command-line option '-Wthread-safety'
c++: error: unrecognized command-line option '-Wthread-safety'
gmake[1]: *** [CMakeFiles/cmTC_83478.dir/build.make:78: CMakeFiles/cmTC_83478.dir/src.cxx.o] Error 1
gmake[1]: Leaving directory '/mnt/c/Users/jaisw/OneDrive/Desktop/cache/build/CMakeFiles/CMakeTmp'
gmake: *** [Makefile:127: cmTC_83478/fast] Error 2


Source file was:
int main() { return 0; }
